2023-11-24 08:34:35 [35m[main][0;39m [34mINFO [0;39m [33mc.c.k.valley.KafkaValleyApplication[0;39m - Starting KafkaValleyApplication using Java 17.0.8 with PID 5518 (/home/camacuchi/monks-workspace/kafka.valley/target/classes started by camacuchi in /home/camacuchi/monks-workspace/kafka.valley)
2023-11-24 08:34:35 [35m[main][0;39m [34mINFO [0;39m [33mc.c.k.valley.KafkaValleyApplication[0;39m - No active profile set, falling back to 1 default profile: "default"
2023-11-24 08:34:36 [35m[main][0;39m [34mINFO [0;39m [33mo.s.i.c.DefaultConfiguringBeanFactoryPostProcessor[0;39m - No bean named 'errorChannel' has been explicitly defined. Therefore, a default PublishSubscribeChannel will be created.
2023-11-24 08:34:36 [35m[main][0;39m [34mINFO [0;39m [33mo.s.i.c.DefaultConfiguringBeanFactoryPostProcessor[0;39m - No bean named 'integrationHeaderChannelRegistry' has been explicitly defined. Therefore, a default DefaultHeaderChannelRegistry will be created.
2023-11-24 08:34:37 [35m[main][0;39m [34mINFO [0;39m [33mo.s.b.a.e.web.EndpointLinksResolver[0;39m - Exposing 1 endpoint(s) beneath base path '/actuator'
2023-11-24 08:34:37 [35m[main][0;39m [34mINFO [0;39m [33mo.a.k.c.admin.AdminClientConfig[0;39m - AdminClientConfig values: 
	auto.include.jmx.reporter = true
	bootstrap.servers = [localhost:9092]
	client.dns.lookup = use_all_dns_ips
	client.id = 
	connections.max.idle.ms = 300000
	default.api.timeout.ms = 60000
	metadata.max.age.ms = 300000
	metric.reporters = []
	metrics.num.samples = 2
	metrics.recording.level = INFO
	metrics.sample.window.ms = 30000
	receive.buffer.bytes = 65536
	reconnect.backoff.max.ms = 1000
	reconnect.backoff.ms = 50
	request.timeout.ms = 30000
	retries = 2147483647
	retry.backoff.ms = 100
	sasl.client.callback.handler.class = null
	sasl.jaas.config = null
	sasl.kerberos.kinit.cmd = /usr/bin/kinit
	sasl.kerberos.min.time.before.relogin = 60000
	sasl.kerberos.service.name = null
	sasl.kerberos.ticket.renew.jitter = 0.05
	sasl.kerberos.ticket.renew.window.factor = 0.8
	sasl.login.callback.handler.class = null
	sasl.login.class = null
	sasl.login.connect.timeout.ms = null
	sasl.login.read.timeout.ms = null
	sasl.login.refresh.buffer.seconds = 300
	sasl.login.refresh.min.period.seconds = 60
	sasl.login.refresh.window.factor = 0.8
	sasl.login.refresh.window.jitter = 0.05
	sasl.login.retry.backoff.max.ms = 10000
	sasl.login.retry.backoff.ms = 100
	sasl.mechanism = GSSAPI
	sasl.oauthbearer.clock.skew.seconds = 30
	sasl.oauthbearer.expected.audience = null
	sasl.oauthbearer.expected.issuer = null
	sasl.oauthbearer.jwks.endpoint.refresh.ms = 3600000
	sasl.oauthbearer.jwks.endpoint.retry.backoff.max.ms = 10000
	sasl.oauthbearer.jwks.endpoint.retry.backoff.ms = 100
	sasl.oauthbearer.jwks.endpoint.url = null
	sasl.oauthbearer.scope.claim.name = scope
	sasl.oauthbearer.sub.claim.name = sub
	sasl.oauthbearer.token.endpoint.url = null
	security.protocol = PLAINTEXT
	security.providers = null
	send.buffer.bytes = 131072
	socket.connection.setup.timeout.max.ms = 30000
	socket.connection.setup.timeout.ms = 10000
	ssl.cipher.suites = null
	ssl.enabled.protocols = [TLSv1.2, TLSv1.3]
	ssl.endpoint.identification.algorithm = https
	ssl.engine.factory.class = null
	ssl.key.password = null
	ssl.keymanager.algorithm = SunX509
	ssl.keystore.certificate.chain = null
	ssl.keystore.key = null
	ssl.keystore.location = null
	ssl.keystore.password = null
	ssl.keystore.type = JKS
	ssl.protocol = TLSv1.3
	ssl.provider = null
	ssl.secure.random.implementation = null
	ssl.trustmanager.algorithm = PKIX
	ssl.truststore.certificates = null
	ssl.truststore.location = null
	ssl.truststore.password = null
	ssl.truststore.type = JKS

2023-11-24 08:34:37 [35m[main][0;39m [34mINFO [0;39m [33mo.a.kafka.common.utils.AppInfoParser[0;39m - Kafka version: 3.4.1
2023-11-24 08:34:37 [35m[main][0;39m [34mINFO [0;39m [33mo.a.kafka.common.utils.AppInfoParser[0;39m - Kafka commitId: 8a516edc2755df89
2023-11-24 08:34:37 [35m[main][0;39m [34mINFO [0;39m [33mo.a.kafka.common.utils.AppInfoParser[0;39m - Kafka startTimeMs: 1700804077910
2023-11-24 08:34:37 [35m[kafka-admin-client-thread | adminclient-1][0;39m [34mINFO [0;39m [33mo.apache.kafka.clients.NetworkClient[0;39m - [AdminClient clientId=adminclient-1] Node -1 disconnected.
2023-11-24 08:34:37 [35m[kafka-admin-client-thread | adminclient-1][0;39m [31mWARN [0;39m [33mo.apache.kafka.clients.NetworkClient[0;39m - [AdminClient clientId=adminclient-1] Connection to node -1 (localhost/127.0.0.1:9092) could not be established. Broker may not be available.
2023-11-24 08:34:38 [35m[kafka-admin-client-thread | adminclient-1][0;39m [34mINFO [0;39m [33mo.apache.kafka.clients.NetworkClient[0;39m - [AdminClient clientId=adminclient-1] Node -1 disconnected.
2023-11-24 08:34:38 [35m[kafka-admin-client-thread | adminclient-1][0;39m [31mWARN [0;39m [33mo.apache.kafka.clients.NetworkClient[0;39m - [AdminClient clientId=adminclient-1] Connection to node -1 (localhost/127.0.0.1:9092) could not be established. Broker may not be available.
2023-11-24 08:34:38 [35m[kafka-admin-client-thread | adminclient-1][0;39m [34mINFO [0;39m [33mo.apache.kafka.clients.NetworkClient[0;39m - [AdminClient clientId=adminclient-1] Node -1 disconnected.
2023-11-24 08:34:38 [35m[kafka-admin-client-thread | adminclient-1][0;39m [31mWARN [0;39m [33mo.apache.kafka.clients.NetworkClient[0;39m - [AdminClient clientId=adminclient-1] Connection to node -1 (localhost/127.0.0.1:9092) could not be established. Broker may not be available.
2023-11-24 08:34:38 [35m[kafka-admin-client-thread | adminclient-1][0;39m [34mINFO [0;39m [33mo.apache.kafka.clients.NetworkClient[0;39m - [AdminClient clientId=adminclient-1] Node -1 disconnected.
2023-11-24 08:34:38 [35m[kafka-admin-client-thread | adminclient-1][0;39m [31mWARN [0;39m [33mo.apache.kafka.clients.NetworkClient[0;39m - [AdminClient clientId=adminclient-1] Connection to node -1 (localhost/127.0.0.1:9092) could not be established. Broker may not be available.
2023-11-24 08:34:38 [35m[kafka-admin-client-thread | adminclient-1][0;39m [34mINFO [0;39m [33mo.apache.kafka.clients.NetworkClient[0;39m - [AdminClient clientId=adminclient-1] Node -1 disconnected.
2023-11-24 08:34:38 [35m[kafka-admin-client-thread | adminclient-1][0;39m [31mWARN [0;39m [33mo.apache.kafka.clients.NetworkClient[0;39m - [AdminClient clientId=adminclient-1] Connection to node -1 (localhost/127.0.0.1:9092) could not be established. Broker may not be available.
2023-11-24 08:34:39 [35m[kafka-admin-client-thread | adminclient-1][0;39m [34mINFO [0;39m [33mo.apache.kafka.clients.NetworkClient[0;39m - [AdminClient clientId=adminclient-1] Node -1 disconnected.
2023-11-24 08:34:39 [35m[kafka-admin-client-thread | adminclient-1][0;39m [31mWARN [0;39m [33mo.apache.kafka.clients.NetworkClient[0;39m - [AdminClient clientId=adminclient-1] Connection to node -1 (localhost/127.0.0.1:9092) could not be established. Broker may not be available.
2023-11-24 08:34:41 [35m[kafka-admin-client-thread | adminclient-1][0;39m [34mINFO [0;39m [33mo.apache.kafka.clients.NetworkClient[0;39m - [AdminClient clientId=adminclient-1] Node -1 disconnected.
2023-11-24 08:34:41 [35m[kafka-admin-client-thread | adminclient-1][0;39m [31mWARN [0;39m [33mo.apache.kafka.clients.NetworkClient[0;39m - [AdminClient clientId=adminclient-1] Connection to node -1 (localhost/127.0.0.1:9092) could not be established. Broker may not be available.
2023-11-24 08:34:42 [35m[kafka-admin-client-thread | adminclient-1][0;39m [34mINFO [0;39m [33mo.apache.kafka.clients.NetworkClient[0;39m - [AdminClient clientId=adminclient-1] Node -1 disconnected.
2023-11-24 08:34:42 [35m[kafka-admin-client-thread | adminclient-1][0;39m [31mWARN [0;39m [33mo.apache.kafka.clients.NetworkClient[0;39m - [AdminClient clientId=adminclient-1] Connection to node -1 (localhost/127.0.0.1:9092) could not be established. Broker may not be available.
2023-11-24 08:34:42 [35m[kafka-admin-client-thread | adminclient-1][0;39m [34mINFO [0;39m [33mo.apache.kafka.clients.NetworkClient[0;39m - [AdminClient clientId=adminclient-1] Node -1 disconnected.
2023-11-24 08:34:42 [35m[kafka-admin-client-thread | adminclient-1][0;39m [31mWARN [0;39m [33mo.apache.kafka.clients.NetworkClient[0;39m - [AdminClient clientId=adminclient-1] Connection to node -1 (localhost/127.0.0.1:9092) could not be established. Broker may not be available.
2023-11-24 08:34:43 [35m[kafka-admin-client-thread | adminclient-1][0;39m [34mINFO [0;39m [33mo.apache.kafka.clients.NetworkClient[0;39m - [AdminClient clientId=adminclient-1] Node -1 disconnected.
2023-11-24 08:34:43 [35m[kafka-admin-client-thread | adminclient-1][0;39m [31mWARN [0;39m [33mo.apache.kafka.clients.NetworkClient[0;39m - [AdminClient clientId=adminclient-1] Connection to node -1 (localhost/127.0.0.1:9092) could not be established. Broker may not be available.
2023-11-24 08:34:44 [35m[kafka-admin-client-thread | adminclient-1][0;39m [34mINFO [0;39m [33mo.apache.kafka.clients.NetworkClient[0;39m - [AdminClient clientId=adminclient-1] Node -1 disconnected.
2023-11-24 08:34:44 [35m[kafka-admin-client-thread | adminclient-1][0;39m [31mWARN [0;39m [33mo.apache.kafka.clients.NetworkClient[0;39m - [AdminClient clientId=adminclient-1] Connection to node -1 (localhost/127.0.0.1:9092) could not be established. Broker may not be available.
2023-11-24 08:34:46 [35m[kafka-admin-client-thread | adminclient-1][0;39m [34mINFO [0;39m [33mo.apache.kafka.clients.NetworkClient[0;39m - [AdminClient clientId=adminclient-1] Node -1 disconnected.
2023-11-24 08:34:46 [35m[kafka-admin-client-thread | adminclient-1][0;39m [31mWARN [0;39m [33mo.apache.kafka.clients.NetworkClient[0;39m - [AdminClient clientId=adminclient-1] Connection to node -1 (localhost/127.0.0.1:9092) could not be established. Broker may not be available.
2023-11-24 08:34:47 [35m[kafka-admin-client-thread | adminclient-1][0;39m [34mINFO [0;39m [33mo.apache.kafka.clients.NetworkClient[0;39m - [AdminClient clientId=adminclient-1] Node -1 disconnected.
2023-11-24 08:34:47 [35m[kafka-admin-client-thread | adminclient-1][0;39m [31mWARN [0;39m [33mo.apache.kafka.clients.NetworkClient[0;39m - [AdminClient clientId=adminclient-1] Connection to node -1 (localhost/127.0.0.1:9092) could not be established. Broker may not be available.
2023-11-24 08:34:48 [35m[kafka-admin-client-thread | adminclient-1][0;39m [34mINFO [0;39m [33mo.apache.kafka.clients.NetworkClient[0;39m - [AdminClient clientId=adminclient-1] Node -1 disconnected.
2023-11-24 08:34:48 [35m[kafka-admin-client-thread | adminclient-1][0;39m [31mWARN [0;39m [33mo.apache.kafka.clients.NetworkClient[0;39m - [AdminClient clientId=adminclient-1] Connection to node -1 (localhost/127.0.0.1:9092) could not be established. Broker may not be available.
2023-11-24 08:34:49 [35m[kafka-admin-client-thread | adminclient-1][0;39m [34mINFO [0;39m [33mo.apache.kafka.clients.NetworkClient[0;39m - [AdminClient clientId=adminclient-1] Node -1 disconnected.
2023-11-24 08:34:49 [35m[kafka-admin-client-thread | adminclient-1][0;39m [31mWARN [0;39m [33mo.apache.kafka.clients.NetworkClient[0;39m - [AdminClient clientId=adminclient-1] Connection to node -1 (localhost/127.0.0.1:9092) could not be established. Broker may not be available.
2023-11-24 08:34:50 [35m[kafka-admin-client-thread | adminclient-1][0;39m [34mINFO [0;39m [33mo.apache.kafka.clients.NetworkClient[0;39m - [AdminClient clientId=adminclient-1] Node -1 disconnected.
2023-11-24 08:34:50 [35m[kafka-admin-client-thread | adminclient-1][0;39m [31mWARN [0;39m [33mo.apache.kafka.clients.NetworkClient[0;39m - [AdminClient clientId=adminclient-1] Connection to node -1 (localhost/127.0.0.1:9092) could not be established. Broker may not be available.
2023-11-24 08:34:51 [35m[kafka-admin-client-thread | adminclient-1][0;39m [34mINFO [0;39m [33mo.apache.kafka.clients.NetworkClient[0;39m - [AdminClient clientId=adminclient-1] Node -1 disconnected.
2023-11-24 08:34:51 [35m[kafka-admin-client-thread | adminclient-1][0;39m [31mWARN [0;39m [33mo.apache.kafka.clients.NetworkClient[0;39m - [AdminClient clientId=adminclient-1] Connection to node -1 (localhost/127.0.0.1:9092) could not be established. Broker may not be available.
